# JRE version: Java(TM) SE Runtime Environment (8.0_91-b14) (build 1.8.0_91-b14)
# Java VM: Java HotSpot(TM) 64-Bit Server VM (25.91-b14 mixed mode windows-amd64 compressed oops)
Heap:
 PSYoungGen      total 121856K, used 103328K [0x000000066b300000, 0x0000000675a00000, 0x00000007c0000000)
  eden space 120320K, 85% used [0x000000066b300000,0x00000006716e0038,0x0000000672880000)
  from space 1536K, 68% used [0x0000000675880000,0x0000000675988000,0x0000000675a00000)
  to   space 1536K, 0% used [0x0000000675700000,0x0000000675700000,0x0000000675880000)
 ParOldGen       total 699392K, used 3801K [0x00000003c1800000, 0x00000003ec300000, 0x000000066b300000)
  object space 699392K, 0% used [0x00000003c1800000,0x00000003c1bb6448,0x00000003ec300000)
 Metaspace       used 15882K, capacity 16089K, committed 16384K, reserved 1062912K
  class space    used 1861K, capacity 1932K, committed 2048K, reserved 1048576K
GC Heap History (10 events):
Event: 66.336 GC heap before
{Heap before GC invocations=72 (full 0):
 PSYoungGen      total 130048K, used 130016K [0x000000066b300000, 0x0000000675c00000, 0x00000007c0000000)
  eden space 129024K, 100% used [0x000000066b300000,0x0000000673100000,0x0000000673100000)
  from space 1024K, 96% used [0x0000000675980000,0x0000000675a78000,0x0000000675a80000)
  to   space 1536K, 0% used [0x0000000675a80000,0x0000000675a80000,0x0000000675c00000)
 ParOldGen       total 699392K, used 3801K [0x00000003c1800000, 0x00000003ec300000, 0x000000066b300000)
  object space 699392K, 0% used [0x00000003c1800000,0x00000003c1bb6448,0x00000003ec300000)
 Metaspace       used 15858K, capacity 16025K, committed 16384K, reserved 1062912K
  class space    used 1860K, capacity 1932K, committed 2048K, reserved 1048576K
Event: 66.338 GC heap after
Heap after GC invocations=72 (full 0):
 PSYoungGen      total 128000K, used 992K [0x000000066b300000, 0x0000000675b80000, 0x00000007c0000000)
  eden space 126976K, 0% used [0x000000066b300000,0x000000066b300000,0x0000000672f00000)
  from space 1024K, 96% used [0x0000000675a80000,0x0000000675b78000,0x0000000675b80000)
  to   space 1536K, 0% used [0x0000000675880000,0x0000000675880000,0x0000000675a00000)
 ParOldGen       total 699392K, used 3801K [0x00000003c1800000, 0x00000003ec300000, 0x000000066b300000)
  object space 699392K, 0% used [0x00000003c1800000,0x00000003c1bb6448,0x00000003ec300000)
 Metaspace       used 15858K, capacity 16025K, committed 16384K, reserved 1062912K
  class space    used 1860K, capacity 1932K, committed 2048K, reserved 1048576K
}
Event: 67.087 GC heap before
{Heap before GC invocations=73 (full 0):
 PSYoungGen      total 128000K, used 127968K [0x000000066b300000, 0x0000000675b80000, 0x00000007c0000000)
  eden space 126976K, 100% used [0x000000066b300000,0x0000000672f00000,0x0000000672f00000)
  from space 1024K, 96% used [0x0000000675a80000,0x0000000675b78000,0x0000000675b80000)
  to   space 1536K, 0% used [0x0000000675880000,0x0000000675880000,0x0000000675a00000)
 ParOldGen       total 699392K, used 3801K [0x00000003c1800000, 0x00000003ec300000, 0x000000066b300000)
  object space 699392K, 0% used [0x00000003c1800000,0x00000003c1bb6448,0x00000003ec300000)
 Metaspace       used 15858K, capacity 16025K, committed 16384K, reserved 1062912K
  class space    used 1860K, capacity 1932K, committed 2048K, reserved 1048576K
Event: 67.089 GC heap after
Heap after GC invocations=73 (full 0):
 PSYoungGen      total 125952K, used 992K [0x000000066b300000, 0x0000000675b00000, 0x00000007c0000000)
  eden space 124928K, 0% used [0x000000066b300000,0x000000066b300000,0x0000000672d00000)
  from space 1024K, 96% used [0x0000000675880000,0x0000000675978000,0x0000000675980000)
  to   space 1536K, 0% used [0x0000000675980000,0x0000000675980000,0x0000000675b00000)
 ParOldGen       total 699392K, used 3801K [0x00000003c1800000, 0x00000003ec300000, 0x000000066b300000)
  object space 699392K, 0% used [0x00000003c1800000,0x00000003c1bb6448,0x00000003ec300000)
 Metaspace       used 15858K, capacity 16025K, committed 16384K, reserved 1062912K
  class space    used 1860K, capacity 1932K, committed 2048K, reserved 1048576K
}
Event: 67.802 GC heap before
{Heap before GC invocations=74 (full 0):
 PSYoungGen      total 125952K, used 125920K [0x000000066b300000, 0x0000000675b00000, 0x00000007c0000000)
  eden space 124928K, 100% used [0x000000066b300000,0x0000000672d00000,0x0000000672d00000)
  from space 1024K, 96% used [0x0000000675880000,0x0000000675978000,0x0000000675980000)
  to   space 1536K, 0% used [0x0000000675980000,0x0000000675980000,0x0000000675b00000)
 ParOldGen       total 699392K, used 3801K [0x00000003c1800000, 0x00000003ec300000, 0x000000066b300000)
  object space 699392K, 0% used [0x00000003c1800000,0x00000003c1bb6448,0x00000003ec300000)
 Metaspace       used 15858K, capacity 16025K, committed 16384K, reserved 1062912K
  class space    used 1860K, capacity 1932K, committed 2048K, reserved 1048576K
Event: 67.804 GC heap after
Heap after GC invocations=74 (full 0):
 PSYoungGen      total 124416K, used 960K [0x000000066b300000, 0x0000000675a80000, 0x00000007c0000000)
  eden space 123392K, 0% used [0x000000066b300000,0x000000066b300000,0x0000000672b80000)
  from space 1024K, 93% used [0x0000000675980000,0x0000000675a70000,0x0000000675a80000)
  to   space 1536K, 0% used [0x0000000675780000,0x0000000675780000,0x0000000675900000)
 ParOldGen       total 699392K, used 3801K [0x00000003c1800000, 0x00000003ec300000, 0x000000066b300000)
  object space 699392K, 0% used [0x00000003c1800000,0x00000003c1bb6448,0x00000003ec300000)
 Metaspace       used 15858K, capacity 16025K, committed 16384K, reserved 1062912K
  class space    used 1860K, capacity 1932K, committed 2048K, reserved 1048576K
}
Event: 68.505 GC heap before
{Heap before GC invocations=75 (full 0):
 PSYoungGen      total 124416K, used 124352K [0x000000066b300000, 0x0000000675a80000, 0x00000007c0000000)
  eden space 123392K, 100% used [0x000000066b300000,0x0000000672b80000,0x0000000672b80000)
  from space 1024K, 93% used [0x0000000675980000,0x0000000675a70000,0x0000000675a80000)
  to   space 1536K, 0% used [0x0000000675780000,0x0000000675780000,0x0000000675900000)
 ParOldGen       total 699392K, used 3801K [0x00000003c1800000, 0x00000003ec300000, 0x000000066b300000)
  object space 699392K, 0% used [0x00000003c1800000,0x00000003c1bb6448,0x00000003ec300000)
 Metaspace       used 15858K, capacity 16025K, committed 16384K, reserved 1062912K
  class space    used 1860K, capacity 1932K, committed 2048K, reserved 1048576K
Event: 68.511 GC heap after
Heap after GC invocations=75 (full 0):
 PSYoungGen      total 122880K, used 960K [0x000000066b300000, 0x0000000675a00000, 0x00000007c0000000)
  eden space 121856K, 0% used [0x000000066b300000,0x000000066b300000,0x0000000672a00000)
  from space 1024K, 93% used [0x0000000675780000,0x0000000675870000,0x0000000675880000)
  to   space 1536K, 0% used [0x0000000675880000,0x0000000675880000,0x0000000675a00000)
 ParOldGen       total 699392K, used 3801K [0x00000003c1800000, 0x00000003ec300000, 0x000000066b300000)
  object space 699392K, 0% used [0x00000003c1800000,0x00000003c1bb6448,0x00000003ec300000)
 Metaspace       used 15858K, capacity 16025K, committed 16384K, reserved 1062912K
  class space    used 1860K, capacity 1932K, committed 2048K, reserved 1048576K
}
Event: 69.198 GC heap before
{Heap before GC invocations=76 (full 0):
 PSYoungGen      total 122880K, used 122816K [0x000000066b300000, 0x0000000675a00000, 0x00000007c0000000)
  eden space 121856K, 100% used [0x000000066b300000,0x0000000672a00000,0x0000000672a00000)
  from space 1024K, 93% used [0x0000000675780000,0x0000000675870000,0x0000000675880000)
  to   space 1536K, 0% used [0x0000000675880000,0x0000000675880000,0x0000000675a00000)
 ParOldGen       total 699392K, used 3801K [0x00000003c1800000, 0x00000003ec300000, 0x000000066b300000)
  object space 699392K, 0% used [0x00000003c1800000,0x00000003c1bb6448,0x00000003ec300000)
 Metaspace       used 15858K, capacity 16025K, committed 16384K, reserved 1062912K
  class space    used 1860K, capacity 1932K, committed 2048K, reserved 1048576K
Event: 69.200 GC heap after
Heap after GC invocations=76 (full 0):
 PSYoungGen      total 121856K, used 1056K [0x000000066b300000, 0x0000000675a00000, 0x00000007c0000000)
  eden space 120320K, 0% used [0x000000066b300000,0x000000066b300000,0x0000000672880000)
  from space 1536K, 68% used [0x0000000675880000,0x0000000675988000,0x0000000675a00000)
  to   space 1536K, 0% used [0x0000000675700000,0x0000000675700000,0x0000000675880000)
 ParOldGen       total 699392K, used 3801K [0x00000003c1800000, 0x00000003ec300000, 0x000000066b300000)
  object space 699392K, 0% used [0x00000003c1800000,0x00000003c1bb6448,0x00000003ec300000)
 Metaspace       used 15858K, capacity 16025K, committed 16384K, reserved 1062912K
  class space    used 1860K, capacity 1932K, committed 2048K, reserved 1048576K
}

